<?xml version="1.0" encoding="UTF-8"?>
<!-- Generated by org.testng.reporters.JUnitReportReporter -->
<testsuite hostname="UK004026" failures="0" tests="1" name="tests.BookTicketsJourneyAPITests" time="1.817" errors="0" timestamp="2022-05-22T20:37:54 BST" skipped="0">
  <testcase classname="tests.BookTicketsJourneyAPITests" name="getSeats" time="1.817"/>
  <system-out/>
</testsuite> <!-- tests.BookTicketsJourneyAPITests -->
