<?xml version="1.0" encoding="UTF-8"?>
<!-- Generated by org.testng.reporters.JUnitReportReporter -->
<testsuite hostname="UK004026" failures="0" tests="2" name="CheckOut" time="0.009" errors="0" timestamp="2022-05-18T15:36:57 BST" skipped="0">
  <testcase classname="CheckOut" name="f" time="0.007"/>
  <system-out/>
  <testcase classname="CheckOut" name="f" time="0.002"/>
  <system-out/>
</testsuite> <!-- CheckOut -->
