<?xml version="1.0" encoding="UTF-8"?>
<!-- Generated by org.testng.reporters.JUnitReportReporter -->
<testsuite hostname="UK004026" failures="0" tests="1" name="com.checkoutjourney.CheckOut" time="19.566" errors="0" timestamp="2022-05-19T21:23:03 BST" skipped="0">
  <testcase classname="com.checkoutjourney.CheckOut" name="LaunchApplication" time="19.566"/>
  <system-out/>
</testsuite> <!-- com.checkoutjourney.CheckOut -->
