<?xml version="1.0" encoding="UTF-8"?>
<!-- Generated by org.testng.reporters.JUnitReportReporter -->
<testsuite hostname="UK004026" failures="0" tests="1" name="com.checkoutjourney.API_TESTS" time="2.246" errors="0" timestamp="2022-05-19T21:10:56 BST" skipped="0">
  <testcase classname="com.checkoutjourney.API_TESTS" name="getSeats" time="2.246"/>
  <system-out/>
</testsuite> <!-- com.checkoutjourney.API_TESTS -->
