<?xml version="1.0" encoding="UTF-8"?>
<!-- Generated by org.testng.reporters.JUnitReportReporter -->
<testsuite hostname="UK004026" failures="0" tests="1" name="tests.API_TESTS" time="4.746" errors="0" timestamp="2022-05-22T00:27:30 BST" skipped="0">
  <testcase classname="tests.API_TESTS" name="getCheckOutJourney" time="4.746"/>
  <system-out/>
</testsuite> <!-- tests.API_TESTS -->
