<?xml version="1.0" encoding="UTF-8"?>
<!-- Generated by org.testng.reporters.JUnitReportReporter -->
<testsuite hostname="UK004026" failures="0" tests="1" name="com.checkoutjourney.Test01_Get" time="2.181" errors="0" timestamp="2022-05-19T20:53:23 BST" skipped="0">
  <testcase classname="com.checkoutjourney.Test01_Get" name="getSeats" time="2.181"/>
  <system-out/>
</testsuite> <!-- com.checkoutjourney.Test01_Get -->
